<?xml version="1.0" encoding="UTF-8"?>
<testng-results ignored="0" total="2" passed="2" failed="0" skipped="0">
  <reporter-output>
  </reporter-output>
  <suite started-at="2022-06-15T10:38:34 IST" name="Suite" finished-at="2022-06-15T10:38:51 IST" duration-ms="16834">
    <groups>
    </groups>
    <test started-at="2022-06-15T10:38:34 IST" name="Test" finished-at="2022-06-15T10:38:51 IST" duration-ms="16834">
      <class name="pageTests.BrowserStackTest01">
        <test-method is-config="true" signature="setup()[pri:0, instance:pageTests.BrowserStackTest01@5c6648b0]" started-at="2022-06-15T10:38:34 IST" name="setup" finished-at="2022-06-15T10:38:43 IST" duration-ms="9242" status="PASS">
          <reporter-output>
          </reporter-output>
        </test-method> <!-- setup -->
        <test-method signature="navigate_to_homepage_click_on_getstarted()[pri:1, instance:pageTests.BrowserStackTest01@5c6648b0]" started-at="2022-06-15T10:38:43 IST" name="navigate_to_homepage_click_on_getstarted" finished-at="2022-06-15T10:38:49 IST" duration-ms="6035" status="PASS">
          <reporter-output>
          </reporter-output>
        </test-method> <!-- navigate_to_homepage_click_on_getstarted -->
        <test-method signature="enter_userDetails()[pri:2, instance:pageTests.BrowserStackTest01@5c6648b0]" started-at="2022-06-15T10:38:49 IST" name="enter_userDetails" finished-at="2022-06-15T10:38:51 IST" duration-ms="1437" status="PASS">
          <reporter-output>
          </reporter-output>
        </test-method> <!-- enter_userDetails -->
      </class> <!-- pageTests.BrowserStackTest01 -->
    </test> <!-- Test -->
  </suite> <!-- Suite -->
</testng-results>
